Using pre-set license
Built from '2020.3/staging' branch; Version is '2020.3.29f1 (2ff179115da0) revision 3142009'; Using compiler version '192528614'; Build Type 'Release'
OS: 'Windows 10  (10.0.19042) 64bit Education' Language: 'fr' Physical Memory: 16330 MB
BatchMode: 1, IsHumanControllingUs: 0, StartBugReporterOnCrash: 0, Is64bit: 1, IsPro: 0

COMMAND LINE ARGUMENTS:
C:\Program Files\Unity\Hub\Editor\2020.3.29f1\Editor\Unity.exe
-adb2
-batchMode
-noUpm
-name
AssetImportWorker0
-projectPath
C:/Users/moi/Documents/GitHub/FirstGame
-logFile
Logs/AssetImportWorker0.log
-srvPort
63673
Successfully changed project path to: C:/Users/moi/Documents/GitHub/FirstGame
C:/Users/moi/Documents/GitHub/FirstGame
Using Asset Import Pipeline V2.
Refreshing native plugins compatible for Editor in 43.05 ms, found 3 plugins.
Preloading 0 native plugins for Editor in 0.00 ms.
Initialize engine version: 2020.3.29f1 (2ff179115da0)
[Subsystems] Discovering subsystems at path C:/Program Files/Unity/Hub/Editor/2020.3.29f1/Editor/Data/Resources/UnitySubsystems
[Subsystems] Discovering subsystems at path C:/Users/moi/Documents/GitHub/FirstGame/Assets
GfxDevice: creating device client; threaded=0
Direct3D:
    Version:  Direct3D 11.0 [level 11.1]
    Renderer: NVIDIA GeForce GTX 1070 (ID=0x1b81)
    Vendor:   
    VRAM:     8088 MB
    Driver:   27.21.14.5671
Initialize mono
Mono path[0] = 'C:/Program Files/Unity/Hub/Editor/2020.3.29f1/Editor/Data/Managed'
Mono path[1] = 'C:/Program Files/Unity/Hub/Editor/2020.3.29f1/Editor/Data/MonoBleedingEdge/lib/mono/unityjit'
Mono config path = 'C:/Program Files/Unity/Hub/Editor/2020.3.29f1/Editor/Data/MonoBleedingEdge/etc'
Using monoOptions --debugger-agent=transport=dt_socket,embedding=1,server=y,suspend=n,address=127.0.0.1:56816
Begin MonoManager ReloadAssembly
Registering precompiled unity dll's ...
Register platform support module: C:/Program Files/Unity/Hub/Editor/2020.3.29f1/Editor/Data/PlaybackEngines/WindowsStandaloneSupport/UnityEditor.WindowsStandalone.Extensions.dll
Registered in 0.002057 seconds.
Native extension for WindowsStandalone target not found
Refreshing native plugins compatible for Editor in 41.39 ms, found 3 plugins.
Preloading 0 native plugins for Editor in 0.00 ms.
Mono: successfully reloaded assembly
- Completed reload, in  0.514 seconds
Domain Reload Profiling:
	ReloadAssembly (514ms)
		BeginReloadAssembly (58ms)
			ExecutionOrderSort (0ms)
			DisableScriptedObjects (0ms)
			BackupInstance (0ms)
			ReleaseScriptingObjects (0ms)
			CreateAndSetChildDomain (1ms)
		EndReloadAssembly (387ms)
			LoadAssemblies (55ms)
			RebuildTransferFunctionScriptingTraits (0ms)
			SetupTypeCache (119ms)
			ReleaseScriptCaches (0ms)
			RebuildScriptCaches (32ms)
			SetupLoadedEditorAssemblies (153ms)
				LogAssemblyErrors (0ms)
				InitializePlatformSupportModulesInManaged (4ms)
				SetLoadedEditorAssemblies (0ms)
				RefreshPlugins (41ms)
				BeforeProcessingInitializeOnLoad (11ms)
				ProcessInitializeOnLoadAttributes (72ms)
				ProcessInitializeOnLoadMethodAttributes (24ms)
				AfterProcessingInitializeOnLoad (0ms)
				EditorAssembliesLoaded (0ms)
			ExecutionOrderSort2 (0ms)
			AwakeInstancesAfterBackupRestoration (0ms)
Platform modules already initialized, skipping
Registering precompiled user dll's ...
Registered in 0.003090 seconds.
Begin MonoManager ReloadAssembly
Native extension for WindowsStandalone target not found
Refreshing native plugins compatible for Editor in 40.09 ms, found 3 plugins.
Preloading 0 native plugins for Editor in 0.00 ms.
Mono: successfully reloaded assembly
- Completed reload, in  0.953 seconds
Domain Reload Profiling:
	ReloadAssembly (954ms)
		BeginReloadAssembly (131ms)
			ExecutionOrderSort (0ms)
			DisableScriptedObjects (4ms)
			BackupInstance (0ms)
			ReleaseScriptingObjects (0ms)
			CreateAndSetChildDomain (18ms)
		EndReloadAssembly (768ms)
			LoadAssemblies (82ms)
			RebuildTransferFunctionScriptingTraits (0ms)
			SetupTypeCache (227ms)
			ReleaseScriptCaches (0ms)
			RebuildScriptCaches (50ms)
			SetupLoadedEditorAssemblies (315ms)
				LogAssemblyErrors (0ms)
				InitializePlatformSupportModulesInManaged (3ms)
				SetLoadedEditorAssemblies (0ms)
				RefreshPlugins (40ms)
				BeforeProcessingInitializeOnLoad (78ms)
				ProcessInitializeOnLoadAttributes (172ms)
				ProcessInitializeOnLoadMethodAttributes (14ms)
				AfterProcessingInitializeOnLoad (7ms)
				EditorAssembliesLoaded (0ms)
			ExecutionOrderSort2 (0ms)
			AwakeInstancesAfterBackupRestoration (5ms)
Platform modules already initialized, skipping
========================================================================
Worker process is ready to serve import requests
Launched and connected shader compiler UnityShaderCompiler.exe after 0.06 seconds
Refreshing native plugins compatible for Editor in 0.80 ms, found 3 plugins.
Preloading 0 native plugins for Editor in 0.00 ms.
Unloading 2196 Unused Serialized files (Serialized files now loaded: 0)
System memory in use before: 95.8 MB.
System memory in use after: 95.7 MB.

Unloading 31 unused Assets to reduce memory usage. Loaded Objects now: 2626.
Total: 3.290900 ms (FindLiveObjects: 0.237900 ms CreateObjectMapping: 0.061600 ms MarkObjects: 2.832300 ms  DeleteObjects: 0.158000 ms)

AssetImportParameters requested are different than current active one (requested -> active):
  custom:framework-win-MediaFoundation: 216162199b28c13a410421893ffa2e32 -> 
  custom:video-decoder-ogg-theora: a1e56fd34408186e4bbccfd4996cb3dc -> 
  custom:container-muxer-webm: aa71ff27fc2769a1b78a27578f13a17b -> 
  custom:container-demuxer-webm: 4f35f7cbe854078d1ac9338744f61a02 -> 
  custom:container-demuxer-ogg: 62fdf1f143b41e24485cea50d1cbac27 -> 
  custom:video-encoder-webm-vp8: eb34c28f22e8b96e1ab97ce403110664 -> 
  custom:video-decoder-webm-vp8: 9c59270c3fd7afecdb556c50c9e8de78 -> 
  custom:audio-decoder-ogg-vorbis: bf7c407c2cedff20999df2af8eb42d56 -> 
  custom:audio-encoder-webm-vorbis: bf7c407c2cedff20999df2af8eb42d56 -> 
========================================================================
Received Import Request.
  path: Assets/Scenes/SampleScene.unity
  artifactKey: Guid(2cda990e2423bbf4892e6590ba056729) Importer(815301076,1909f56bfc062723c751e8b465ee728b)
Start importing Assets/Scenes/SampleScene.unity using Guid(2cda990e2423bbf4892e6590ba056729) Importer(815301076,1909f56bfc062723c751e8b465ee728b)  -> (artifact id: '1333ee985c8b405feb81c7cbd2e221fc') in 0.017825 seconds 
  Import took 0.020789 seconds .

========================================================================
Received Import Request.
  Time since last request: 2.988007 seconds.
  path: Assets/Scenes/Gameplay.unity
  artifactKey: Guid(2cda990e2423bbf4892e6590ba056729) Importer(815301076,1909f56bfc062723c751e8b465ee728b)
Start importing Assets/Scenes/Gameplay.unity using Guid(2cda990e2423bbf4892e6590ba056729) Importer(815301076,1909f56bfc062723c751e8b465ee728b)  -> (artifact id: '32606deefd9a150b83ec5c270b1c6a95') in 0.013998 seconds 
  Import took 0.017216 seconds .

========================================================================
Received Import Request.
  Time since last request: 4.759078 seconds.
  path: Assets
  artifactKey: Guid(00000000000000001000000000000000) Importer(815301076,1909f56bfc062723c751e8b465ee728b)
Start importing Assets using Guid(00000000000000001000000000000000) Importer(815301076,1909f56bfc062723c751e8b465ee728b)  -> (artifact id: '42d402b061de3733987d63b9cc3b64de') in 0.008311 seconds 
  Import took 0.011357 seconds .

========================================================================
Received Import Request.
  Time since last request: 4.198141 seconds.
  path: Assets/Scripts
  artifactKey: Guid(82eea616ce527b3418021c09fa7377c3) Importer(815301076,1909f56bfc062723c751e8b465ee728b)
Start importing Assets/Scripts using Guid(82eea616ce527b3418021c09fa7377c3) Importer(815301076,1909f56bfc062723c751e8b465ee728b)  -> (artifact id: '6cac3f5cff82f72cbef6d562193d7105') in 0.006622 seconds 
  Import took 0.009655 seconds .

========================================================================
Received Import Request.
  Time since last request: 4.646142 seconds.
  path: Assets/Scripts/NewBehaviourScript.cs
  artifactKey: Guid(47e791d960249c044b477f62f77d2c5f) Importer(815301076,1909f56bfc062723c751e8b465ee728b)
Start importing Assets/Scripts/NewBehaviourScript.cs using Guid(47e791d960249c044b477f62f77d2c5f) Importer(815301076,1909f56bfc062723c751e8b465ee728b)  -> (artifact id: '9aadf0c77debe36c2e968d2dd8319237') in 0.022906 seconds 
  Import took 0.026111 seconds .

========================================================================
Received Prepare
Registering precompiled user dll's ...
Registered in 0.002896 seconds.
Begin MonoManager ReloadAssembly
Native extension for WindowsStandalone target not found
Refreshing native plugins compatible for Editor in 0.56 ms, found 3 plugins.
Preloading 0 native plugins for Editor in 0.00 ms.
Mono: successfully reloaded assembly
- Completed reload, in  0.879 seconds
Domain Reload Profiling:
	ReloadAssembly (879ms)
		BeginReloadAssembly (105ms)
			ExecutionOrderSort (0ms)
			DisableScriptedObjects (6ms)
			BackupInstance (0ms)
			ReleaseScriptingObjects (0ms)
			CreateAndSetChildDomain (32ms)
		EndReloadAssembly (718ms)
			LoadAssemblies (79ms)
			RebuildTransferFunctionScriptingTraits (0ms)
			SetupTypeCache (221ms)
			ReleaseScriptCaches (1ms)
			RebuildScriptCaches (44ms)
			SetupLoadedEditorAssemblies (288ms)
				LogAssemblyErrors (0ms)
				InitializePlatformSupportModulesInManaged (4ms)
				SetLoadedEditorAssemblies (0ms)
				RefreshPlugins (1ms)
				BeforeProcessingInitializeOnLoad (95ms)
				ProcessInitializeOnLoadAttributes (170ms)
				ProcessInitializeOnLoadMethodAttributes (10ms)
				AfterProcessingInitializeOnLoad (7ms)
				EditorAssembliesLoaded (0ms)
			ExecutionOrderSort2 (0ms)
			AwakeInstancesAfterBackupRestoration (8ms)
Platform modules already initialized, skipping
Refreshing native plugins compatible for Editor in 0.75 ms, found 3 plugins.
Preloading 0 native plugins for Editor in 0.00 ms.
Unloading 2192 Unused Serialized files (Serialized files now loaded: 0)
System memory in use before: 95.8 MB.
System memory in use after: 95.7 MB.

Unloading 20 unused Assets to reduce memory usage. Loaded Objects now: 2629.
Total: 3.973800 ms (FindLiveObjects: 0.260700 ms CreateObjectMapping: 0.046900 ms MarkObjects: 3.530400 ms  DeleteObjects: 0.134900 ms)

AssetImportParameters requested are different than current active one (requested -> active):
  custom:framework-win-MediaFoundation: 216162199b28c13a410421893ffa2e32 -> 
  custom:video-decoder-ogg-theora: a1e56fd34408186e4bbccfd4996cb3dc -> 
  custom:container-muxer-webm: aa71ff27fc2769a1b78a27578f13a17b -> 
  custom:container-demuxer-webm: 4f35f7cbe854078d1ac9338744f61a02 -> 
  custom:container-demuxer-ogg: 62fdf1f143b41e24485cea50d1cbac27 -> 
  custom:video-encoder-webm-vp8: eb34c28f22e8b96e1ab97ce403110664 -> 
  custom:video-decoder-webm-vp8: 9c59270c3fd7afecdb556c50c9e8de78 -> 
  custom:audio-decoder-ogg-vorbis: bf7c407c2cedff20999df2af8eb42d56 -> 
  custom:audio-encoder-webm-vorbis: bf7c407c2cedff20999df2af8eb42d56 -> 
========================================================================
Received Prepare
Registering precompiled user dll's ...
Registered in 0.002886 seconds.
Begin MonoManager ReloadAssembly
Native extension for WindowsStandalone target not found
Refreshing native plugins compatible for Editor in 0.51 ms, found 3 plugins.
Preloading 0 native plugins for Editor in 0.00 ms.
Mono: successfully reloaded assembly
- Completed reload, in  0.841 seconds
Domain Reload Profiling:
	ReloadAssembly (841ms)
		BeginReloadAssembly (103ms)
			ExecutionOrderSort (0ms)
			DisableScriptedObjects (5ms)
			BackupInstance (0ms)
			ReleaseScriptingObjects (0ms)
			CreateAndSetChildDomain (31ms)
		EndReloadAssembly (682ms)
			LoadAssemblies (82ms)
			RebuildTransferFunctionScriptingTraits (0ms)
			SetupTypeCache (219ms)
			ReleaseScriptCaches (1ms)
			RebuildScriptCaches (44ms)
			SetupLoadedEditorAssemblies (263ms)
				LogAssemblyErrors (0ms)
				InitializePlatformSupportModulesInManaged (4ms)
				SetLoadedEditorAssemblies (0ms)
				RefreshPlugins (1ms)
				BeforeProcessingInitializeOnLoad (86ms)
				ProcessInitializeOnLoadAttributes (156ms)
				ProcessInitializeOnLoadMethodAttributes (9ms)
				AfterProcessingInitializeOnLoad (6ms)
				EditorAssembliesLoaded (0ms)
			ExecutionOrderSort2 (0ms)
			AwakeInstancesAfterBackupRestoration (7ms)
Platform modules already initialized, skipping
Refreshing native plugins compatible for Editor in 0.52 ms, found 3 plugins.
Preloading 0 native plugins for Editor in 0.00 ms.
Unloading 2191 Unused Serialized files (Serialized files now loaded: 0)
System memory in use before: 95.8 MB.
System memory in use after: 95.7 MB.

Unloading 21 unused Assets to reduce memory usage. Loaded Objects now: 2630.
Total: 2.781500 ms (FindLiveObjects: 0.182000 ms CreateObjectMapping: 0.049000 ms MarkObjects: 2.434400 ms  DeleteObjects: 0.115300 ms)

AssetImportParameters requested are different than current active one (requested -> active):
  custom:framework-win-MediaFoundation: 216162199b28c13a410421893ffa2e32 -> 
  custom:video-decoder-ogg-theora: a1e56fd34408186e4bbccfd4996cb3dc -> 
  custom:container-muxer-webm: aa71ff27fc2769a1b78a27578f13a17b -> 
  custom:container-demuxer-webm: 4f35f7cbe854078d1ac9338744f61a02 -> 
  custom:container-demuxer-ogg: 62fdf1f143b41e24485cea50d1cbac27 -> 
  custom:video-encoder-webm-vp8: eb34c28f22e8b96e1ab97ce403110664 -> 
  custom:video-decoder-webm-vp8: 9c59270c3fd7afecdb556c50c9e8de78 -> 
  custom:audio-decoder-ogg-vorbis: bf7c407c2cedff20999df2af8eb42d56 -> 
  custom:audio-encoder-webm-vorbis: bf7c407c2cedff20999df2af8eb42d56 -> 
========================================================================
Received Import Request.
  Time since last request: 293.044462 seconds.
  path: Assets/Sprites
  artifactKey: Guid(0b2a78191993d3b4f8c2d0dc1c8a5f3c) Importer(815301076,1909f56bfc062723c751e8b465ee728b)
Start importing Assets/Sprites using Guid(0b2a78191993d3b4f8c2d0dc1c8a5f3c) Importer(815301076,1909f56bfc062723c751e8b465ee728b)  -> (artifact id: 'b93f12d6c83773397f09f050375f7bdd') in 0.007869 seconds 
  Import took 0.010992 seconds .

========================================================================
Received Import Request.
  Time since last request: 0.051638 seconds.
  path: Assets/Sprites/Background.jpg
  artifactKey: Guid(3ab86de1f3dea784b9ff48bdf8779ce1) Importer(815301076,1909f56bfc062723c751e8b465ee728b)
Start importing Assets/Sprites/Background.jpg using Guid(3ab86de1f3dea784b9ff48bdf8779ce1) Importer(815301076,1909f56bfc062723c751e8b465ee728b)  -> (artifact id: '81ca7909b950102c018d440ad2fd96c9') in 0.091702 seconds 
  Import took 0.094878 seconds .

========================================================================
Received Import Request.
  Time since last request: 0.000149 seconds.
  path: Assets/Sprites/Players.png
  artifactKey: Guid(2947a96ba0023db43ab2651b8d2d9c0d) Importer(815301076,1909f56bfc062723c751e8b465ee728b)
Start importing Assets/Sprites/Players.png using Guid(2947a96ba0023db43ab2651b8d2d9c0d) Importer(815301076,1909f56bfc062723c751e8b465ee728b)  -> (artifact id: 'd8828a662ca6e48a9023b39e6e1c9742') in 0.020408 seconds 
  Import took 0.023192 seconds .

========================================================================
Received Import Request.
  Time since last request: 0.000159 seconds.
  path: Assets/Sprites/Moon.png
  artifactKey: Guid(7d5876d736ce0ba4ab5e15de0d68a0a6) Importer(815301076,1909f56bfc062723c751e8b465ee728b)
Start importing Assets/Sprites/Moon.png using Guid(7d5876d736ce0ba4ab5e15de0d68a0a6) Importer(815301076,1909f56bfc062723c751e8b465ee728b)  -> (artifact id: '3e0d9a87ed5466880e55334007415086') in 0.014088 seconds 
  Import took 0.017230 seconds .

========================================================================
Received Import Request.
  Time since last request: 0.000153 seconds.
  path: Assets/Sprites/Enemies.png
  artifactKey: Guid(ff89497ec5ec3cb48bf60b46ed73c325) Importer(815301076,1909f56bfc062723c751e8b465ee728b)
Start importing Assets/Sprites/Enemies.png using Guid(ff89497ec5ec3cb48bf60b46ed73c325) Importer(815301076,1909f56bfc062723c751e8b465ee728b)  -> (artifact id: '1673e5cf1212f2845b2bc8eebd0ba59c') in 0.019216 seconds 
  Import took 0.022074 seconds .

========================================================================
Received Import Request.
  Time since last request: 0.000153 seconds.
  path: Assets/Sprites/Home.png
  artifactKey: Guid(c3476f7a1b0f2bb48b64146bdb20c100) Importer(815301076,1909f56bfc062723c751e8b465ee728b)
Start importing Assets/Sprites/Home.png using Guid(c3476f7a1b0f2bb48b64146bdb20c100) Importer(815301076,1909f56bfc062723c751e8b465ee728b)  -> (artifact id: 'f56221c03466da83dfd692f012f1db6e') in 0.013056 seconds 
  Import took 0.015690 seconds .

========================================================================
Received Import Request.
  Time since last request: 0.000178 seconds.
  path: Assets/Sprites/Restart.png
  artifactKey: Guid(b6ab21fa564c0494592f8fa2e08afa83) Importer(815301076,1909f56bfc062723c751e8b465ee728b)
Start importing Assets/Sprites/Restart.png using Guid(b6ab21fa564c0494592f8fa2e08afa83) Importer(815301076,1909f56bfc062723c751e8b465ee728b)  -> (artifact id: '45e226bf45d551c7d94e3a9fd2a8d338') in 0.012494 seconds 
  Import took 0.015538 seconds .

========================================================================
Received Import Request.
  Time since last request: 0.000163 seconds.
  path: Assets/Sprites/Ground.jpg
  artifactKey: Guid(39d7169dd42da08489da4d9fff8ec67a) Importer(815301076,1909f56bfc062723c751e8b465ee728b)
Start importing Assets/Sprites/Ground.jpg using Guid(39d7169dd42da08489da4d9fff8ec67a) Importer(815301076,1909f56bfc062723c751e8b465ee728b)  -> (artifact id: 'b39699a47fe9ace88d9974b7d503ecc0') in 0.014462 seconds 
  Import took 0.017693 seconds .

========================================================================
Received Import Request.
  Time since last request: 0.000134 seconds.
  path: Assets/Sprites/Player Select.png
  artifactKey: Guid(a920966bde08ce8479366f26302329a4) Importer(815301076,1909f56bfc062723c751e8b465ee728b)
Start importing Assets/Sprites/Player Select.png using Guid(a920966bde08ce8479366f26302329a4) Importer(815301076,1909f56bfc062723c751e8b465ee728b)  -> (artifact id: '10c929e15b9ce3a691f75fb8f69cb8f3') in 0.016562 seconds 
  Import took 0.019343 seconds .

========================================================================
Received Import Request.
  Time since last request: 5.231394 seconds.
  path: Assets/Sprites/DS_Store
  artifactKey: Guid(4064f796ba8b9c04199fb051e4129ba2) Importer(815301076,1909f56bfc062723c751e8b465ee728b)
Start importing Assets/Sprites/DS_Store using Guid(4064f796ba8b9c04199fb051e4129ba2) Importer(815301076,1909f56bfc062723c751e8b465ee728b)  -> (artifact id: '7c640c7ab58e6ac12685ab37ea0e1b19') in 0.008277 seconds 
  Import took 0.011531 seconds .

========================================================================
Received Import Request.
  Time since last request: 3.896627 seconds.
  path: Assets/Fonts/FEASFBI_.TTF
  artifactKey: Guid(05e55eed9100127448811f48520a3b99) Importer(815301076,1909f56bfc062723c751e8b465ee728b)
Start importing Assets/Fonts/FEASFBI_.TTF using Guid(05e55eed9100127448811f48520a3b99) Importer(815301076,1909f56bfc062723c751e8b465ee728b)  -> (artifact id: 'afb34d69d9794dc7c9dfe6bbd5eefe2d') in 0.042253 seconds 
  Import took 0.045497 seconds .

========================================================================
Received Import Request.
  Time since last request: 0.000166 seconds.
  path: Assets/Fonts/FEASFBRG.TTF
  artifactKey: Guid(9bcdf07741b0b5e46af74304d823d864) Importer(815301076,1909f56bfc062723c751e8b465ee728b)
Start importing Assets/Fonts/FEASFBRG.TTF using Guid(9bcdf07741b0b5e46af74304d823d864) Importer(815301076,1909f56bfc062723c751e8b465ee728b)  -> (artifact id: '60d25295cd04a604b2be6e72c595c0b7') in 0.013613 seconds 
  Import took 0.016271 seconds .

========================================================================
Received Import Request.
  Time since last request: 136.679400 seconds.
  path: Assets/Sprites/Players.png
  artifactKey: Guid(2947a96ba0023db43ab2651b8d2d9c0d) Importer(815301076,1909f56bfc062723c751e8b465ee728b)
Start importing Assets/Sprites/Players.png using Guid(2947a96ba0023db43ab2651b8d2d9c0d) Importer(815301076,1909f56bfc062723c751e8b465ee728b)  -> (artifact id: '700ce69316d170b3add57e938aa37de2') in 0.010150 seconds 
  Import took 0.013432 seconds .

========================================================================
Received Import Request.
  Time since last request: 59.484528 seconds.
  path: Assets/Sprites/Players.png
  artifactKey: Guid(2947a96ba0023db43ab2651b8d2d9c0d) Importer(815301076,1909f56bfc062723c751e8b465ee728b)
Start importing Assets/Sprites/Players.png using Guid(2947a96ba0023db43ab2651b8d2d9c0d) Importer(815301076,1909f56bfc062723c751e8b465ee728b)  -> (artifact id: '0ea25fde496a42dc9fdbb74cc90b8e3c') in 0.056490 seconds 
  Import took 0.060052 seconds .

========================================================================
Received Import Request.
  Time since last request: 152.709926 seconds.
  path: Assets/Sprites/Players.png
  artifactKey: Guid(2947a96ba0023db43ab2651b8d2d9c0d) Importer(815301076,1909f56bfc062723c751e8b465ee728b)
Start importing Assets/Sprites/Players.png using Guid(2947a96ba0023db43ab2651b8d2d9c0d) Importer(815301076,1909f56bfc062723c751e8b465ee728b)  -> (artifact id: '1b949d25c7d60224139820e2be36c3d2') in 0.049612 seconds 
  Import took 0.052815 seconds .

========================================================================
Received Import Request.
  Time since last request: 66.850996 seconds.
  path: Assets/Animations
  artifactKey: Guid(8ff2d5be2b11dfe4193960cb8d0a1a9a) Importer(815301076,1909f56bfc062723c751e8b465ee728b)
Start importing Assets/Animations using Guid(8ff2d5be2b11dfe4193960cb8d0a1a9a) Importer(815301076,1909f56bfc062723c751e8b465ee728b)  -> (artifact id: '3262104abafb47c8396b3d7170f9ba91') in 0.005299 seconds 
  Import took 0.008482 seconds .

========================================================================
Received Import Request.
  Time since last request: 14.228477 seconds.
  path: Assets/Animations/Player
  artifactKey: Guid(05b34efad259d2c4b8c54253db78a22b) Importer(815301076,1909f56bfc062723c751e8b465ee728b)
Start importing Assets/Animations/Player using Guid(05b34efad259d2c4b8c54253db78a22b) Importer(815301076,1909f56bfc062723c751e8b465ee728b)  -> (artifact id: '557baf6c40d764c5446569e9841a914a') in 0.005264 seconds 
  Import took 0.008380 seconds .

========================================================================
Received Import Request.
  Time since last request: 6.176725 seconds.
  path: Assets/Animations/Player/Player 1
  artifactKey: Guid(8b9f5b836db5e0c418c495cb02f98654) Importer(815301076,1909f56bfc062723c751e8b465ee728b)
Start importing Assets/Animations/Player/Player 1 using Guid(8b9f5b836db5e0c418c495cb02f98654) Importer(815301076,1909f56bfc062723c751e8b465ee728b)  -> (artifact id: 'e8b2d62af1a0cfe06cb7cfc30e75dfcc') in 0.005261 seconds 
  Import took 0.008321 seconds .

========================================================================
Received Import Request.
  Time since last request: 19.929126 seconds.
  path: Assets/Animations/Player/Player 1/Player 1.controller
  artifactKey: Guid(5a58252786e3ec14eb338bd95f34050e) Importer(815301076,1909f56bfc062723c751e8b465ee728b)
Start importing Assets/Animations/Player/Player 1/Player 1.controller using Guid(5a58252786e3ec14eb338bd95f34050e) Importer(815301076,1909f56bfc062723c751e8b465ee728b)  -> (artifact id: '0a7d72b8b87b199a07c05cea53bbfa4f') in 0.005864 seconds 
  Import took 0.009005 seconds .

AssetImportWorkerClient::OnTransportError - code=2 error=End of file
